mode: set
github.com/Super-Gagaga/go-Concurrent-download/internal/downloader/engine.go:40.81,53.42 4 0
github.com/Super-Gagaga/go-Concurrent-download/internal/downloader/engine.go:53.42,55.3 1 0
github.com/Super-Gagaga/go-Concurrent-download/internal/downloader/engine.go:57.2,67.32 2 0
github.com/Super-Gagaga/go-Concurrent-download/internal/downloader/engine.go:67.32,69.3 1 0
github.com/Super-Gagaga/go-Concurrent-download/internal/downloader/engine.go:71.2,71.20 1 0
github.com/Super-Gagaga/go-Concurrent-download/internal/downloader/engine.go:75.96,78.16 2 0
github.com/Super-Gagaga/go-Concurrent-download/internal/downloader/engine.go:78.16,80.3 1 0
github.com/Super-Gagaga/go-Concurrent-download/internal/downloader/engine.go:83.2,84.16 2 0
github.com/Super-Gagaga/go-Concurrent-download/internal/downloader/engine.go:84.16,86.3 1 0
github.com/Super-Gagaga/go-Concurrent-download/internal/downloader/engine.go:87.2,90.42 2 0
github.com/Super-Gagaga/go-Concurrent-download/internal/downloader/engine.go:90.42,92.3 1 0
github.com/Super-Gagaga/go-Concurrent-download/internal/downloader/engine.go:95.2,95.61 1 0
github.com/Super-Gagaga/go-Concurrent-download/internal/downloader/engine.go:95.61,97.3 1 0
github.com/Super-Gagaga/go-Concurrent-download/internal/downloader/engine.go:100.2,110.21 6 0
github.com/Super-Gagaga/go-Concurrent-download/internal/downloader/engine.go:114.82,115.15 1 0
github.com/Super-Gagaga/go-Concurrent-download/internal/downloader/engine.go:115.15,120.3 3 0
github.com/Super-Gagaga/go-Concurrent-download/internal/downloader/engine.go:123.2,123.24 1 0
github.com/Super-Gagaga/go-Concurrent-download/internal/downloader/engine.go:123.24,125.53 1 0
github.com/Super-Gagaga/go-Concurrent-download/internal/downloader/engine.go:125.53,129.4 3 0
github.com/Super-Gagaga/go-Concurrent-download/internal/downloader/engine.go:130.3,131.9 2 0
github.com/Super-Gagaga/go-Concurrent-download/internal/downloader/engine.go:135.2,135.56 1 0
github.com/Super-Gagaga/go-Concurrent-download/internal/downloader/engine.go:135.56,139.3 3 0
github.com/Super-Gagaga/go-Concurrent-download/internal/downloader/engine.go:142.2,142.44 1 0
github.com/Super-Gagaga/go-Concurrent-download/internal/downloader/engine.go:142.44,146.3 3 0
github.com/Super-Gagaga/go-Concurrent-download/internal/downloader/engine.go:149.2,151.37 2 0
github.com/Super-Gagaga/go-Concurrent-download/internal/downloader/engine.go:155.94,160.36 3 0
github.com/Super-Gagaga/go-Concurrent-download/internal/downloader/engine.go:160.36,162.10 1 0
github.com/Super-Gagaga/go-Concurrent-download/internal/downloader/engine.go:163.23,163.23 0 0
github.com/Super-Gagaga/go-Concurrent-download/internal/downloader/engine.go:164.21,165.20 1 0
github.com/Super-Gagaga/go-Concurrent-download/internal/downloader/engine.go:166.21,167.32 1 0
github.com/Super-Gagaga/go-Concurrent-download/internal/downloader/engine.go:170.3,171.25 2 0
github.com/Super-Gagaga/go-Concurrent-download/internal/downloader/engine.go:171.25,173.17 2 0
github.com/Super-Gagaga/go-Concurrent-download/internal/downloader/engine.go:173.17,173.47 1 0
github.com/Super-Gagaga/go-Concurrent-download/internal/downloader/engine.go:176.4,176.87 1 0
github.com/Super-Gagaga/go-Concurrent-download/internal/downloader/engine.go:176.87,178.5 1 0
github.com/Super-Gagaga/go-Concurrent-download/internal/downloader/engine.go:181.4,181.60 1 0
github.com/Super-Gagaga/go-Concurrent-download/internal/downloader/engine.go:181.60,183.5 1 0
github.com/Super-Gagaga/go-Concurrent-download/internal/downloader/engine.go:188.2,191.9 2 0
github.com/Super-Gagaga/go-Concurrent-download/internal/downloader/engine.go:192.24,193.13 1 0
github.com/Super-Gagaga/go-Concurrent-download/internal/downloader/engine.go:194.10,195.13 1 0
github.com/Super-Gagaga/go-Concurrent-download/internal/downloader/engine.go:200.103,202.21 1 0
github.com/Super-Gagaga/go-Concurrent-download/internal/downloader/engine.go:202.21,204.3 1 0
github.com/Super-Gagaga/go-Concurrent-download/internal/downloader/engine.go:207.2,208.16 2 0
github.com/Super-Gagaga/go-Concurrent-download/internal/downloader/engine.go:208.16,210.3 1 0
github.com/Super-Gagaga/go-Concurrent-download/internal/downloader/engine.go:211.2,214.55 2 0
github.com/Super-Gagaga/go-Concurrent-download/internal/downloader/engine.go:214.55,216.27 1 0
github.com/Super-Gagaga/go-Concurrent-download/internal/downloader/engine.go:216.27,217.11 1 0
github.com/Super-Gagaga/go-Concurrent-download/internal/downloader/engine.go:218.22,219.21 1 0
github.com/Super-Gagaga/go-Concurrent-download/internal/downloader/engine.go:220.22,221.33 1 0
github.com/Super-Gagaga/go-Concurrent-download/internal/downloader/engine.go:222.46,222.46 0 0
github.com/Super-Gagaga/go-Concurrent-download/internal/downloader/engine.go:225.8,225.22 1 0
github.com/Super-Gagaga/go-Concurrent-download/internal/downloader/engine.go:225.22,227.3 1 0
github.com/Super-Gagaga/go-Concurrent-download/internal/downloader/engine.go:230.2,232.16 3 0
github.com/Super-Gagaga/go-Concurrent-download/internal/downloader/engine.go:232.16,234.3 1 0
github.com/Super-Gagaga/go-Concurrent-download/internal/downloader/engine.go:235.2,241.16 4 0
github.com/Super-Gagaga/go-Concurrent-download/internal/downloader/engine.go:241.16,243.3 1 0
github.com/Super-Gagaga/go-Concurrent-download/internal/downloader/engine.go:244.2,250.6 4 0
github.com/Super-Gagaga/go-Concurrent-download/internal/downloader/engine.go:250.6,252.56 1 0
github.com/Super-Gagaga/go-Concurrent-download/internal/downloader/engine.go:252.56,255.28 2 0
github.com/Super-Gagaga/go-Concurrent-download/internal/downloader/engine.go:255.28,256.12 1 0
github.com/Super-Gagaga/go-Concurrent-download/internal/downloader/engine.go:257.23,258.22 1 0
github.com/Super-Gagaga/go-Concurrent-download/internal/downloader/engine.go:259.23,260.34 1 0
github.com/Super-Gagaga/go-Concurrent-download/internal/downloader/engine.go:261.47,261.47 0 0
github.com/Super-Gagaga/go-Concurrent-download/internal/downloader/engine.go:265.4,265.44 1 0
github.com/Super-Gagaga/go-Concurrent-download/internal/downloader/engine.go:266.9,266.23 1 0
github.com/Super-Gagaga/go-Concurrent-download/internal/downloader/engine.go:266.23,269.4 2 0
github.com/Super-Gagaga/go-Concurrent-download/internal/downloader/engine.go:271.3,272.12 2 0
github.com/Super-Gagaga/go-Concurrent-download/internal/downloader/engine.go:272.12,273.62 1 0
github.com/Super-Gagaga/go-Concurrent-download/internal/downloader/engine.go:273.62,275.5 1 0
github.com/Super-Gagaga/go-Concurrent-download/internal/downloader/engine.go:276.4,279.52 2 0
github.com/Super-Gagaga/go-Concurrent-download/internal/downloader/engine.go:282.3,282.17 1 0
github.com/Super-Gagaga/go-Concurrent-download/internal/downloader/engine.go:282.17,283.21 1 0
github.com/Super-Gagaga/go-Concurrent-download/internal/downloader/engine.go:283.21,284.10 1 0
github.com/Super-Gagaga/go-Concurrent-download/internal/downloader/engine.go:286.4,286.100 1 0
github.com/Super-Gagaga/go-Concurrent-download/internal/downloader/engine.go:291.2,291.56 1 0
github.com/Super-Gagaga/go-Concurrent-download/internal/downloader/engine.go:291.56,294.3 1 0
github.com/Super-Gagaga/go-Concurrent-download/internal/downloader/engine.go:297.2,300.12 3 0
github.com/Super-Gagaga/go-Concurrent-download/internal/downloader/engine.go:304.90,307.16 2 0
github.com/Super-Gagaga/go-Concurrent-download/internal/downloader/engine.go:307.16,309.3 1 0
github.com/Super-Gagaga/go-Concurrent-download/internal/downloader/engine.go:310.2,314.16 3 0
github.com/Super-Gagaga/go-Concurrent-download/internal/downloader/engine.go:314.16,316.3 1 0
github.com/Super-Gagaga/go-Concurrent-download/internal/downloader/engine.go:317.2,321.16 3 0
github.com/Super-Gagaga/go-Concurrent-download/internal/downloader/engine.go:321.16,323.3 1 0
github.com/Super-Gagaga/go-Concurrent-download/internal/downloader/engine.go:324.2,330.6 4 0
github.com/Super-Gagaga/go-Concurrent-download/internal/downloader/engine.go:330.6,332.56 1 0
github.com/Super-Gagaga/go-Concurrent-download/internal/downloader/engine.go:332.56,335.28 2 0
github.com/Super-Gagaga/go-Concurrent-download/internal/downloader/engine.go:335.28,336.12 1 0
github.com/Super-Gagaga/go-Concurrent-download/internal/downloader/engine.go:337.23,338.22 1 0
github.com/Super-Gagaga/go-Concurrent-download/internal/downloader/engine.go:339.23,340.34 1 0
github.com/Super-Gagaga/go-Concurrent-download/internal/downloader/engine.go:341.47,341.47 0 0
github.com/Super-Gagaga/go-Concurrent-download/internal/downloader/engine.go:345.4,345.38 1 0
github.com/Super-Gagaga/go-Concurrent-download/internal/downloader/engine.go:346.9,346.23 1 0
github.com/Super-Gagaga/go-Concurrent-download/internal/downloader/engine.go:346.23,349.4 2 0
github.com/Super-Gagaga/go-Concurrent-download/internal/downloader/engine.go:351.3,352.12 2 0
github.com/Super-Gagaga/go-Concurrent-download/internal/downloader/engine.go:352.12,353.62 1 0
github.com/Super-Gagaga/go-Concurrent-download/internal/downloader/engine.go:353.62,355.5 1 0
github.com/Super-Gagaga/go-Concurrent-download/internal/downloader/engine.go:356.4,359.42 2 0
github.com/Super-Gagaga/go-Concurrent-download/internal/downloader/engine.go:362.3,362.17 1 0
github.com/Super-Gagaga/go-Concurrent-download/internal/downloader/engine.go:362.17,363.21 1 0
github.com/Super-Gagaga/go-Concurrent-download/internal/downloader/engine.go:363.21,364.10 1 0
github.com/Super-Gagaga/go-Concurrent-download/internal/downloader/engine.go:366.4,366.70 1 0
github.com/Super-Gagaga/go-Concurrent-download/internal/downloader/engine.go:371.2,371.56 1 0
github.com/Super-Gagaga/go-Concurrent-download/internal/downloader/engine.go:371.56,374.3 1 0
github.com/Super-Gagaga/go-Concurrent-download/internal/downloader/engine.go:376.2,376.12 1 0
github.com/Super-Gagaga/go-Concurrent-download/internal/downloader/engine.go:380.66,383.16 2 0
github.com/Super-Gagaga/go-Concurrent-download/internal/downloader/engine.go:383.16,385.3 1 0
github.com/Super-Gagaga/go-Concurrent-download/internal/downloader/engine.go:386.2,389.36 2 0
github.com/Super-Gagaga/go-Concurrent-download/internal/downloader/engine.go:389.36,390.23 1 0
github.com/Super-Gagaga/go-Concurrent-download/internal/downloader/engine.go:390.23,393.4 1 0
github.com/Super-Gagaga/go-Concurrent-download/internal/downloader/engine.go:395.3,396.17 2 0
github.com/Super-Gagaga/go-Concurrent-download/internal/downloader/engine.go:396.17,398.4 1 0
github.com/Super-Gagaga/go-Concurrent-download/internal/downloader/engine.go:400.3,400.53 1 0
github.com/Super-Gagaga/go-Concurrent-download/internal/downloader/engine.go:400.53,403.4 2 0
github.com/Super-Gagaga/go-Concurrent-download/internal/downloader/engine.go:405.3,405.20 1 0
github.com/Super-Gagaga/go-Concurrent-download/internal/downloader/engine.go:408.2,408.12 1 0
github.com/Super-Gagaga/go-Concurrent-download/internal/downloader/engine.go:412.65,413.36 1 0
github.com/Super-Gagaga/go-Concurrent-download/internal/downloader/engine.go:413.36,414.27 1 0
github.com/Super-Gagaga/go-Concurrent-download/internal/downloader/engine.go:414.27,416.4 1 0
github.com/Super-Gagaga/go-Concurrent-download/internal/downloader/engine.go:420.2,420.49 1 0
github.com/Super-Gagaga/go-Concurrent-download/internal/downloader/engine.go:420.49,422.3 1 0
github.com/Super-Gagaga/go-Concurrent-download/internal/downloader/engine.go:426.51,429.12 2 0
github.com/Super-Gagaga/go-Concurrent-download/internal/downloader/engine.go:429.12,430.7 1 0
github.com/Super-Gagaga/go-Concurrent-download/internal/downloader/engine.go:430.7,431.11 1 0
github.com/Super-Gagaga/go-Concurrent-download/internal/downloader/engine.go:432.30,433.23 1 0
github.com/Super-Gagaga/go-Concurrent-download/internal/downloader/engine.go:434.26,435.11 1 0
github.com/Super-Gagaga/go-Concurrent-download/internal/downloader/engine.go:436.22,437.11 1 0
github.com/Super-Gagaga/go-Concurrent-download/internal/downloader/engine.go:444.45,448.31 3 0
github.com/Super-Gagaga/go-Concurrent-download/internal/downloader/engine.go:448.31,449.35 1 0
github.com/Super-Gagaga/go-Concurrent-download/internal/downloader/engine.go:449.35,452.4 2 0
github.com/Super-Gagaga/go-Concurrent-download/internal/downloader/engine.go:457.35,458.15 1 0
github.com/Super-Gagaga/go-Concurrent-download/internal/downloader/engine.go:458.15,460.3 1 0
github.com/Super-Gagaga/go-Concurrent-download/internal/downloader/engine.go:462.2,466.29 3 0
github.com/Super-Gagaga/go-Concurrent-download/internal/downloader/engine.go:466.29,469.3 2 0
github.com/Super-Gagaga/go-Concurrent-download/internal/downloader/engine.go:472.2,472.25 1 0
github.com/Super-Gagaga/go-Concurrent-download/internal/downloader/engine.go:472.25,474.3 1 0
github.com/Super-Gagaga/go-Concurrent-download/internal/downloader/engine.go:477.2,478.31 2 0
github.com/Super-Gagaga/go-Concurrent-download/internal/downloader/engine.go:478.31,480.3 1 0
github.com/Super-Gagaga/go-Concurrent-download/internal/downloader/engine.go:481.2,482.22 2 0
github.com/Super-Gagaga/go-Concurrent-download/internal/downloader/engine.go:486.74,491.13 4 0
github.com/Super-Gagaga/go-Concurrent-download/internal/downloader/engine.go:491.13,493.3 1 0
github.com/Super-Gagaga/go-Concurrent-download/internal/downloader/engine.go:494.2,494.18 1 0
github.com/Super-Gagaga/go-Concurrent-download/internal/downloader/engine.go:498.86,500.16 2 0
github.com/Super-Gagaga/go-Concurrent-download/internal/downloader/engine.go:500.16,502.3 1 0
github.com/Super-Gagaga/go-Concurrent-download/internal/downloader/engine.go:504.2,520.8 2 0
github.com/Super-Gagaga/go-Concurrent-download/internal/downloader/engine.go:524.59,526.16 2 0
github.com/Super-Gagaga/go-Concurrent-download/internal/downloader/engine.go:526.16,528.3 1 0
github.com/Super-Gagaga/go-Concurrent-download/internal/downloader/engine.go:530.2,530.43 1 0
github.com/Super-Gagaga/go-Concurrent-download/internal/downloader/engine.go:530.43,532.3 1 0
github.com/Super-Gagaga/go-Concurrent-download/internal/downloader/engine.go:534.2,535.12 2 0
github.com/Super-Gagaga/go-Concurrent-download/internal/downloader/engine.go:539.60,541.16 2 0
github.com/Super-Gagaga/go-Concurrent-download/internal/downloader/engine.go:541.16,543.3 1 0
github.com/Super-Gagaga/go-Concurrent-download/internal/downloader/engine.go:545.2,545.42 1 0
github.com/Super-Gagaga/go-Concurrent-download/internal/downloader/engine.go:545.42,547.3 1 0
github.com/Super-Gagaga/go-Concurrent-download/internal/downloader/engine.go:549.2,550.12 2 0
github.com/Super-Gagaga/go-Concurrent-download/internal/downloader/engine.go:554.60,556.16 2 0
github.com/Super-Gagaga/go-Concurrent-download/internal/downloader/engine.go:556.16,558.3 1 0
github.com/Super-Gagaga/go-Concurrent-download/internal/downloader/engine.go:560.2,561.12 2 0
github.com/Super-Gagaga/go-Concurrent-download/internal/downloader/engine.go:565.62,570.31 4 0
github.com/Super-Gagaga/go-Concurrent-download/internal/downloader/engine.go:570.31,572.17 2 0
github.com/Super-Gagaga/go-Concurrent-download/internal/downloader/engine.go:572.17,574.4 1 0
github.com/Super-Gagaga/go-Concurrent-download/internal/downloader/engine.go:576.2,576.17 1 0
github.com/Super-Gagaga/go-Concurrent-download/internal/downloader/progress.go:37.100,45.2 1 0
github.com/Super-Gagaga/go-Concurrent-download/internal/downloader/progress.go:48.36,49.16 1 0
github.com/Super-Gagaga/go-Concurrent-download/internal/downloader/progress.go:49.16,51.3 1 0
github.com/Super-Gagaga/go-Concurrent-download/internal/downloader/progress.go:53.2,54.21 2 0
github.com/Super-Gagaga/go-Concurrent-download/internal/downloader/progress.go:58.35,59.17 1 0
github.com/Super-Gagaga/go-Concurrent-download/internal/downloader/progress.go:59.17,61.3 1 0
github.com/Super-Gagaga/go-Concurrent-download/internal/downloader/progress.go:63.2,64.20 2 0
github.com/Super-Gagaga/go-Concurrent-download/internal/downloader/progress.go:68.65,81.37 5 0
github.com/Super-Gagaga/go-Concurrent-download/internal/downloader/progress.go:81.37,83.3 1 0
github.com/Super-Gagaga/go-Concurrent-download/internal/downloader/progress.go:86.2,86.24 1 0
github.com/Super-Gagaga/go-Concurrent-download/internal/downloader/progress.go:86.24,88.3 1 0
github.com/Super-Gagaga/go-Concurrent-download/internal/downloader/progress.go:92.59,100.2 5 0
github.com/Super-Gagaga/go-Concurrent-download/internal/downloader/progress.go:103.74,107.40 3 0
github.com/Super-Gagaga/go-Concurrent-download/internal/downloader/progress.go:107.40,109.3 1 0
github.com/Super-Gagaga/go-Concurrent-download/internal/downloader/progress.go:111.2,111.29 1 0
github.com/Super-Gagaga/go-Concurrent-download/internal/downloader/progress.go:111.29,113.3 1 0
github.com/Super-Gagaga/go-Concurrent-download/internal/downloader/progress.go:115.2,118.16 4 0
github.com/Super-Gagaga/go-Concurrent-download/internal/downloader/progress.go:122.80,126.25 3 0
github.com/Super-Gagaga/go-Concurrent-download/internal/downloader/progress.go:126.25,128.3 1 0
github.com/Super-Gagaga/go-Concurrent-download/internal/downloader/progress.go:131.2,135.44 4 0
github.com/Super-Gagaga/go-Concurrent-download/internal/downloader/progress.go:135.44,136.44 1 0
github.com/Super-Gagaga/go-Concurrent-download/internal/downloader/progress.go:136.44,139.4 2 0
github.com/Super-Gagaga/go-Concurrent-download/internal/downloader/progress.go:139.9,140.9 1 0
github.com/Super-Gagaga/go-Concurrent-download/internal/downloader/progress.go:144.2,144.18 1 0
github.com/Super-Gagaga/go-Concurrent-download/internal/downloader/progress.go:144.18,146.3 1 0
github.com/Super-Gagaga/go-Concurrent-download/internal/downloader/progress.go:146.8,146.32 1 0
github.com/Super-Gagaga/go-Concurrent-download/internal/downloader/progress.go:146.32,148.3 1 0
github.com/Super-Gagaga/go-Concurrent-download/internal/downloader/progress.go:148.8,150.3 1 0
github.com/Super-Gagaga/go-Concurrent-download/internal/downloader/progress.go:153.2,154.19 2 0
github.com/Super-Gagaga/go-Concurrent-download/internal/downloader/progress.go:154.19,156.3 1 0
github.com/Super-Gagaga/go-Concurrent-download/internal/downloader/progress.go:158.2,159.44 2 0
github.com/Super-Gagaga/go-Concurrent-download/internal/downloader/progress.go:163.101,164.67 1 0
github.com/Super-Gagaga/go-Concurrent-download/internal/downloader/progress.go:164.67,166.3 1 0
github.com/Super-Gagaga/go-Concurrent-download/internal/downloader/progress.go:168.2,169.25 2 0
github.com/Super-Gagaga/go-Concurrent-download/internal/downloader/progress.go:169.25,171.3 1 0
github.com/Super-Gagaga/go-Concurrent-download/internal/downloader/progress.go:173.2,174.45 2 0
github.com/Super-Gagaga/go-Concurrent-download/internal/downloader/progress.go:178.95,179.16 1 0
github.com/Super-Gagaga/go-Concurrent-download/internal/downloader/progress.go:180.14,181.33 1 0
github.com/Super-Gagaga/go-Concurrent-download/internal/downloader/progress.go:182.14,183.33 1 0
github.com/Super-Gagaga/go-Concurrent-download/internal/downloader/progress.go:184.13,185.40 1 0
github.com/Super-Gagaga/go-Concurrent-download/internal/downloader/progress.go:186.10,187.33 1 0
github.com/Super-Gagaga/go-Concurrent-download/internal/downloader/progress.go:192.76,203.32 7 0
github.com/Super-Gagaga/go-Concurrent-download/internal/downloader/progress.go:203.32,205.3 1 0
github.com/Super-Gagaga/go-Concurrent-download/internal/downloader/progress.go:207.2,207.26 1 0
github.com/Super-Gagaga/go-Concurrent-download/internal/downloader/progress.go:207.26,209.3 1 0
github.com/Super-Gagaga/go-Concurrent-download/internal/downloader/progress.go:209.8,209.34 1 0
github.com/Super-Gagaga/go-Concurrent-download/internal/downloader/progress.go:209.34,211.3 1 0
github.com/Super-Gagaga/go-Concurrent-download/internal/downloader/progress.go:211.8,213.3 1 0
github.com/Super-Gagaga/go-Concurrent-download/internal/downloader/progress.go:215.2,215.25 1 0
github.com/Super-Gagaga/go-Concurrent-download/internal/downloader/progress.go:219.76,242.2 1 0
github.com/Super-Gagaga/go-Concurrent-download/internal/downloader/progress.go:245.83,252.29 5 0
github.com/Super-Gagaga/go-Concurrent-download/internal/downloader/progress.go:252.29,253.20 1 0
github.com/Super-Gagaga/go-Concurrent-download/internal/downloader/progress.go:253.20,255.4 1 0
github.com/Super-Gagaga/go-Concurrent-download/internal/downloader/progress.go:255.9,255.28 1 0
github.com/Super-Gagaga/go-Concurrent-download/internal/downloader/progress.go:255.28,257.4 1 0
github.com/Super-Gagaga/go-Concurrent-download/internal/downloader/progress.go:257.9,259.4 1 0
github.com/Super-Gagaga/go-Concurrent-download/internal/downloader/progress.go:262.2,268.42 2 0
github.com/Super-Gagaga/go-Concurrent-download/internal/downloader/progress.go:272.42,276.6 3 0
github.com/Super-Gagaga/go-Concurrent-download/internal/downloader/progress.go:276.6,277.10 1 0
github.com/Super-Gagaga/go-Concurrent-download/internal/downloader/progress.go:278.19,280.26 1 0
github.com/Super-Gagaga/go-Concurrent-download/internal/downloader/progress.go:281.22,282.10 1 0
github.com/Super-Gagaga/go-Concurrent-download/internal/downloader/progress.go:288.48,296.37 5 0
github.com/Super-Gagaga/go-Concurrent-download/internal/downloader/progress.go:296.37,297.38 1 0
github.com/Super-Gagaga/go-Concurrent-download/internal/downloader/progress.go:297.38,299.9 2 0
github.com/Super-Gagaga/go-Concurrent-download/internal/downloader/progress.go:303.2,303.18 1 0
github.com/Super-Gagaga/go-Concurrent-download/internal/downloader/progress.go:303.18,305.3 1 0
github.com/Super-Gagaga/go-Concurrent-download/internal/downloader/progress.go:309.38,311.18 2 0
github.com/Super-Gagaga/go-Concurrent-download/internal/downloader/progress.go:311.18,313.3 1 0
github.com/Super-Gagaga/go-Concurrent-download/internal/downloader/progress.go:314.2,315.46 2 0
github.com/Super-Gagaga/go-Concurrent-download/internal/downloader/progress.go:315.46,318.3 2 0
github.com/Super-Gagaga/go-Concurrent-download/internal/downloader/progress.go:319.2,319.77 1 0
github.com/Super-Gagaga/go-Concurrent-download/internal/downloader/progress.go:323.45,324.21 1 0
github.com/Super-Gagaga/go-Concurrent-download/internal/downloader/progress.go:324.21,326.3 1 0
github.com/Super-Gagaga/go-Concurrent-download/internal/downloader/progress.go:327.2,327.21 1 0
github.com/Super-Gagaga/go-Concurrent-download/internal/downloader/progress.go:327.21,329.3 1 0
github.com/Super-Gagaga/go-Concurrent-download/internal/downloader/progress.go:330.2,330.19 1 0
github.com/Super-Gagaga/go-Concurrent-download/internal/downloader/progress.go:330.19,334.3 3 0
github.com/Super-Gagaga/go-Concurrent-download/internal/downloader/progress.go:335.2,337.46 3 0
github.com/Super-Gagaga/go-Concurrent-download/internal/downloader/progress.go:349.110,355.2 1 0
github.com/Super-Gagaga/go-Concurrent-download/internal/downloader/progress.go:358.65,360.95 2 0
github.com/Super-Gagaga/go-Concurrent-download/internal/downloader/progress.go:360.95,362.3 1 0
github.com/Super-Gagaga/go-Concurrent-download/internal/downloader/progress.go:364.2,365.29 2 0
github.com/Super-Gagaga/go-Concurrent-download/internal/downloader/state.go:52.62,53.20 1 0
github.com/Super-Gagaga/go-Concurrent-download/internal/downloader/state.go:53.20,56.17 2 0
github.com/Super-Gagaga/go-Concurrent-download/internal/downloader/state.go:56.17,58.4 1 0
github.com/Super-Gagaga/go-Concurrent-download/internal/downloader/state.go:59.3,59.55 1 0
github.com/Super-Gagaga/go-Concurrent-download/internal/downloader/state.go:63.2,63.52 1 0
github.com/Super-Gagaga/go-Concurrent-download/internal/downloader/state.go:63.52,65.3 1 0
github.com/Super-Gagaga/go-Concurrent-download/internal/downloader/state.go:67.2,69.8 1 0
github.com/Super-Gagaga/go-Concurrent-download/internal/downloader/state.go:73.56,74.17 1 0
github.com/Super-Gagaga/go-Concurrent-download/internal/downloader/state.go:74.17,76.3 1 0
github.com/Super-Gagaga/go-Concurrent-download/internal/downloader/state.go:79.2,87.16 5 0
github.com/Super-Gagaga/go-Concurrent-download/internal/downloader/state.go:87.16,89.3 1 0
github.com/Super-Gagaga/go-Concurrent-download/internal/downloader/state.go:90.2,95.46 4 0
github.com/Super-Gagaga/go-Concurrent-download/internal/downloader/state.go:95.46,97.3 1 0
github.com/Super-Gagaga/go-Concurrent-download/internal/downloader/state.go:100.2,100.63 1 0
github.com/Super-Gagaga/go-Concurrent-download/internal/downloader/state.go:100.63,102.3 1 0
github.com/Super-Gagaga/go-Concurrent-download/internal/downloader/state.go:104.2,104.12 1 0
github.com/Super-Gagaga/go-Concurrent-download/internal/downloader/state.go:108.68,113.58 2 0
github.com/Super-Gagaga/go-Concurrent-download/internal/downloader/state.go:113.58,115.3 1 0
github.com/Super-Gagaga/go-Concurrent-download/internal/downloader/state.go:118.2,119.16 2 0
github.com/Super-Gagaga/go-Concurrent-download/internal/downloader/state.go:119.16,121.3 1 0
github.com/Super-Gagaga/go-Concurrent-download/internal/downloader/state.go:122.2,127.47 4 0
github.com/Super-Gagaga/go-Concurrent-download/internal/downloader/state.go:127.47,129.3 1 0
github.com/Super-Gagaga/go-Concurrent-download/internal/downloader/state.go:132.2,132.39 1 0
github.com/Super-Gagaga/go-Concurrent-download/internal/downloader/state.go:132.39,134.3 1 0
github.com/Super-Gagaga/go-Concurrent-download/internal/downloader/state.go:137.2,138.16 2 0
github.com/Super-Gagaga/go-Concurrent-download/internal/downloader/state.go:138.16,140.3 1 0
github.com/Super-Gagaga/go-Concurrent-download/internal/downloader/state.go:142.2,142.18 1 0
github.com/Super-Gagaga/go-Concurrent-download/internal/downloader/state.go:146.53,148.72 2 0
github.com/Super-Gagaga/go-Concurrent-download/internal/downloader/state.go:148.72,150.3 1 0
github.com/Super-Gagaga/go-Concurrent-download/internal/downloader/state.go:151.2,151.12 1 0
github.com/Super-Gagaga/go-Concurrent-download/internal/downloader/state.go:155.50,158.16 2 0
github.com/Super-Gagaga/go-Concurrent-download/internal/downloader/state.go:158.16,160.3 1 0
github.com/Super-Gagaga/go-Concurrent-download/internal/downloader/state.go:162.2,163.29 2 0
github.com/Super-Gagaga/go-Concurrent-download/internal/downloader/state.go:163.29,164.43 1 0
github.com/Super-Gagaga/go-Concurrent-download/internal/downloader/state.go:164.43,167.4 2 0
github.com/Super-Gagaga/go-Concurrent-download/internal/downloader/state.go:170.2,170.21 1 0
github.com/Super-Gagaga/go-Concurrent-download/internal/downloader/state.go:174.72,190.23 2 0
github.com/Super-Gagaga/go-Concurrent-download/internal/downloader/state.go:190.23,192.3 1 0
github.com/Super-Gagaga/go-Concurrent-download/internal/downloader/state.go:195.2,196.36 2 0
github.com/Super-Gagaga/go-Concurrent-download/internal/downloader/state.go:196.36,206.25 2 0
github.com/Super-Gagaga/go-Concurrent-download/internal/downloader/state.go:206.25,208.4 1 0
github.com/Super-Gagaga/go-Concurrent-download/internal/downloader/state.go:209.3,209.31 1 0
github.com/Super-Gagaga/go-Concurrent-download/internal/downloader/state.go:212.2,212.14 1 0
github.com/Super-Gagaga/go-Concurrent-download/internal/downloader/state.go:216.82,219.16 2 0
github.com/Super-Gagaga/go-Concurrent-download/internal/downloader/state.go:219.16,221.3 1 0
github.com/Super-Gagaga/go-Concurrent-download/internal/downloader/state.go:224.2,233.23 8 0
github.com/Super-Gagaga/go-Concurrent-download/internal/downloader/state.go:233.23,235.3 1 0
github.com/Super-Gagaga/go-Concurrent-download/internal/downloader/state.go:238.2,238.22 1 0
github.com/Super-Gagaga/go-Concurrent-download/internal/downloader/state.go:239.17,240.36 1 0
github.com/Super-Gagaga/go-Concurrent-download/internal/downloader/state.go:241.17,242.36 1 0
github.com/Super-Gagaga/go-Concurrent-download/internal/downloader/state.go:243.16,244.35 1 0
github.com/Super-Gagaga/go-Concurrent-download/internal/downloader/state.go:245.19,246.38 1 0
github.com/Super-Gagaga/go-Concurrent-download/internal/downloader/state.go:247.16,248.35 1 0
github.com/Super-Gagaga/go-Concurrent-download/internal/downloader/state.go:249.19,250.38 1 0
github.com/Super-Gagaga/go-Concurrent-download/internal/downloader/state.go:251.10,252.36 1 0
github.com/Super-Gagaga/go-Concurrent-download/internal/downloader/state.go:256.2,257.42 2 0
github.com/Super-Gagaga/go-Concurrent-download/internal/downloader/state.go:257.42,267.29 2 0
github.com/Super-Gagaga/go-Concurrent-download/internal/downloader/state.go:267.29,269.4 1 0
github.com/Super-Gagaga/go-Concurrent-download/internal/downloader/state.go:270.3,270.25 1 0
github.com/Super-Gagaga/go-Concurrent-download/internal/downloader/state.go:273.2,273.18 1 0
github.com/Super-Gagaga/go-Concurrent-download/internal/downloader/state.go:277.64,279.2 1 0
github.com/Super-Gagaga/go-Concurrent-download/internal/downloader/state.go:282.70,284.16 2 0
github.com/Super-Gagaga/go-Concurrent-download/internal/downloader/state.go:284.16,286.3 1 0
github.com/Super-Gagaga/go-Concurrent-download/internal/downloader/state.go:288.2,289.29 2 0
github.com/Super-Gagaga/go-Concurrent-download/internal/downloader/state.go:289.29,290.43 1 0
github.com/Super-Gagaga/go-Concurrent-download/internal/downloader/state.go:290.43,291.12 1 0
github.com/Super-Gagaga/go-Concurrent-download/internal/downloader/state.go:294.3,296.17 3 0
github.com/Super-Gagaga/go-Concurrent-download/internal/downloader/state.go:296.17,297.12 1 0
github.com/Super-Gagaga/go-Concurrent-download/internal/downloader/state.go:301.3,301.39 1 0
github.com/Super-Gagaga/go-Concurrent-download/internal/downloader/state.go:301.39,304.18 2 0
github.com/Super-Gagaga/go-Concurrent-download/internal/downloader/state.go:304.18,306.47 2 0
github.com/Super-Gagaga/go-Concurrent-download/internal/downloader/state.go:306.47,308.96 1 0
github.com/Super-Gagaga/go-Concurrent-download/internal/downloader/state.go:308.96,310.7 1 0
github.com/Super-Gagaga/go-Concurrent-download/internal/downloader/state.go:316.2,316.12 1 0
github.com/Super-Gagaga/go-Concurrent-download/internal/downloader/state.go:320.64,321.46 1 0
github.com/Super-Gagaga/go-Concurrent-download/internal/downloader/state.go:321.46,323.3 1 0
github.com/Super-Gagaga/go-Concurrent-download/internal/downloader/state.go:326.2,343.36 3 0
github.com/Super-Gagaga/go-Concurrent-download/internal/downloader/state.go:343.36,349.3 1 0
github.com/Super-Gagaga/go-Concurrent-download/internal/downloader/state.go:352.2,356.16 4 0
github.com/Super-Gagaga/go-Concurrent-download/internal/downloader/state.go:356.16,358.3 1 0
github.com/Super-Gagaga/go-Concurrent-download/internal/downloader/state.go:359.2,362.46 3 0
github.com/Super-Gagaga/go-Concurrent-download/internal/downloader/state.go:362.46,364.3 1 0
github.com/Super-Gagaga/go-Concurrent-download/internal/downloader/state.go:366.2,366.47 1 0
github.com/Super-Gagaga/go-Concurrent-download/internal/downloader/task.go:27.37,28.11 1 1
github.com/Super-Gagaga/go-Concurrent-download/internal/downloader/task.go:29.25,30.19 1 1
github.com/Super-Gagaga/go-Concurrent-download/internal/downloader/task.go:31.25,32.19 1 1
github.com/Super-Gagaga/go-Concurrent-download/internal/downloader/task.go:33.24,34.18 1 1
github.com/Super-Gagaga/go-Concurrent-download/internal/downloader/task.go:35.27,36.21 1 1
github.com/Super-Gagaga/go-Concurrent-download/internal/downloader/task.go:37.24,38.18 1 1
github.com/Super-Gagaga/go-Concurrent-download/internal/downloader/task.go:39.27,40.21 1 1
github.com/Super-Gagaga/go-Concurrent-download/internal/downloader/task.go:41.10,42.19 1 1
github.com/Super-Gagaga/go-Concurrent-download/internal/downloader/task.go:101.95,102.15 1 1
github.com/Super-Gagaga/go-Concurrent-download/internal/downloader/task.go:102.15,104.3 1 0
github.com/Super-Gagaga/go-Concurrent-download/internal/downloader/task.go:105.2,105.20 1 1
github.com/Super-Gagaga/go-Concurrent-download/internal/downloader/task.go:105.20,107.3 1 0
github.com/Super-Gagaga/go-Concurrent-download/internal/downloader/task.go:110.2,124.24 3 1
github.com/Super-Gagaga/go-Concurrent-download/internal/downloader/task.go:124.24,126.3 1 1
github.com/Super-Gagaga/go-Concurrent-download/internal/downloader/task.go:128.2,128.18 1 1
github.com/Super-Gagaga/go-Concurrent-download/internal/downloader/task.go:132.65,136.35 3 0
github.com/Super-Gagaga/go-Concurrent-download/internal/downloader/task.go:136.35,138.3 1 0
github.com/Super-Gagaga/go-Concurrent-download/internal/downloader/task.go:141.2,145.16 4 0
github.com/Super-Gagaga/go-Concurrent-download/internal/downloader/task.go:145.16,147.3 1 0
github.com/Super-Gagaga/go-Concurrent-download/internal/downloader/task.go:149.2,154.44 4 0
github.com/Super-Gagaga/go-Concurrent-download/internal/downloader/task.go:154.44,156.3 1 0
github.com/Super-Gagaga/go-Concurrent-download/internal/downloader/task.go:158.2,159.12 2 0
github.com/Super-Gagaga/go-Concurrent-download/internal/downloader/task.go:163.48,164.22 1 0
github.com/Super-Gagaga/go-Concurrent-download/internal/downloader/task.go:164.22,177.3 4 0
github.com/Super-Gagaga/go-Concurrent-download/internal/downloader/task.go:180.2,187.36 4 0
github.com/Super-Gagaga/go-Concurrent-download/internal/downloader/task.go:187.36,190.26 3 0
github.com/Super-Gagaga/go-Concurrent-download/internal/downloader/task.go:190.26,193.4 1 0
github.com/Super-Gagaga/go-Concurrent-download/internal/downloader/task.go:195.3,200.4 1 0
github.com/Super-Gagaga/go-Concurrent-download/internal/downloader/task.go:203.2,203.12 1 0
github.com/Super-Gagaga/go-Concurrent-download/internal/downloader/task.go:207.58,214.33 5 1
github.com/Super-Gagaga/go-Concurrent-download/internal/downloader/task.go:214.33,216.22 2 1
github.com/Super-Gagaga/go-Concurrent-download/internal/downloader/task.go:216.22,218.4 1 1
github.com/Super-Gagaga/go-Concurrent-download/internal/downloader/task.go:221.2,224.21 3 1
github.com/Super-Gagaga/go-Concurrent-download/internal/downloader/task.go:224.21,226.3 1 1
github.com/Super-Gagaga/go-Concurrent-download/internal/downloader/task.go:226.8,226.44 1 0
github.com/Super-Gagaga/go-Concurrent-download/internal/downloader/task.go:226.44,228.3 1 0
github.com/Super-Gagaga/go-Concurrent-download/internal/downloader/task.go:230.2,233.27 3 1
github.com/Super-Gagaga/go-Concurrent-download/internal/downloader/task.go:233.27,235.18 2 1
github.com/Super-Gagaga/go-Concurrent-download/internal/downloader/task.go:235.18,237.4 1 1
github.com/Super-Gagaga/go-Concurrent-download/internal/downloader/task.go:239.3,239.35 1 1
github.com/Super-Gagaga/go-Concurrent-download/internal/downloader/task.go:239.35,242.4 2 1
github.com/Super-Gagaga/go-Concurrent-download/internal/downloader/task.go:245.2,258.3 1 1
github.com/Super-Gagaga/go-Concurrent-download/internal/downloader/task.go:262.60,266.41 3 1
github.com/Super-Gagaga/go-Concurrent-download/internal/downloader/task.go:266.41,268.3 1 1
github.com/Super-Gagaga/go-Concurrent-download/internal/downloader/task.go:269.2,269.29 1 1
github.com/Super-Gagaga/go-Concurrent-download/internal/downloader/task.go:273.76,277.41 3 1
github.com/Super-Gagaga/go-Concurrent-download/internal/downloader/task.go:277.41,279.3 1 0
github.com/Super-Gagaga/go-Concurrent-download/internal/downloader/task.go:281.2,284.16 3 1
github.com/Super-Gagaga/go-Concurrent-download/internal/downloader/task.go:284.16,286.3 1 0
github.com/Super-Gagaga/go-Concurrent-download/internal/downloader/task.go:286.8,286.37 1 1
github.com/Super-Gagaga/go-Concurrent-download/internal/downloader/task.go:286.37,289.3 2 1
github.com/Super-Gagaga/go-Concurrent-download/internal/downloader/task.go:291.2,291.31 1 1
github.com/Super-Gagaga/go-Concurrent-download/internal/downloader/task.go:295.32,297.35 2 1
github.com/Super-Gagaga/go-Concurrent-download/internal/downloader/task.go:297.35,299.10 2 1
github.com/Super-Gagaga/go-Concurrent-download/internal/downloader/task.go:300.34,300.34 0 1
github.com/Super-Gagaga/go-Concurrent-download/internal/downloader/task.go:301.11,301.11 0 0
github.com/Super-Gagaga/go-Concurrent-download/internal/downloader/task.go:304.2,304.18 1 1
github.com/Super-Gagaga/go-Concurrent-download/internal/downloader/task.go:308.33,310.34 2 1
github.com/Super-Gagaga/go-Concurrent-download/internal/downloader/task.go:310.34,312.10 2 1
github.com/Super-Gagaga/go-Concurrent-download/internal/downloader/task.go:313.35,313.35 0 1
github.com/Super-Gagaga/go-Concurrent-download/internal/downloader/task.go:314.11,314.11 0 0
github.com/Super-Gagaga/go-Concurrent-download/internal/downloader/task.go:317.2,317.18 1 1
github.com/Super-Gagaga/go-Concurrent-download/internal/downloader/task.go:321.33,323.67 2 1
github.com/Super-Gagaga/go-Concurrent-download/internal/downloader/task.go:323.67,325.10 2 1
github.com/Super-Gagaga/go-Concurrent-download/internal/downloader/task.go:326.35,326.35 0 1
github.com/Super-Gagaga/go-Concurrent-download/internal/downloader/task.go:327.11,327.11 0 0
github.com/Super-Gagaga/go-Concurrent-download/internal/downloader/task.go:330.2,330.18 1 1
github.com/Super-Gagaga/go-Concurrent-download/internal/downloader/task.go:334.65,335.9 1 0
github.com/Super-Gagaga/go-Concurrent-download/internal/downloader/task.go:336.21,337.21 1 0
github.com/Super-Gagaga/go-Concurrent-download/internal/downloader/task.go:338.22,339.21 1 0
github.com/Super-Gagaga/go-Concurrent-download/internal/downloader/task.go:340.10,341.22 1 0
github.com/Super-Gagaga/go-Concurrent-download/internal/downloader/task.go:346.43,347.9 1 0
github.com/Super-Gagaga/go-Concurrent-download/internal/downloader/task.go:348.22,349.14 1 0
github.com/Super-Gagaga/go-Concurrent-download/internal/downloader/task.go:350.10,351.15 1 0
github.com/Super-Gagaga/go-Concurrent-download/internal/downloader/task.go:356.53,359.57 3 1
github.com/Super-Gagaga/go-Concurrent-download/internal/downloader/task.go:359.57,361.3 1 1
github.com/Super-Gagaga/go-Concurrent-download/internal/downloader/task.go:362.2,362.98 1 1
github.com/Super-Gagaga/go-Concurrent-download/internal/downloader/task.go:362.98,364.3 1 1
github.com/Super-Gagaga/go-Concurrent-download/internal/downloader/task.go:365.2,365.18 1 1
github.com/Super-Gagaga/go-Concurrent-download/internal/downloader/task.go:369.47,373.2 3 1
github.com/Super-Gagaga/go-Concurrent-download/internal/downloader/task.go:376.63,378.2 1 0
github.com/Super-Gagaga/go-Concurrent-download/internal/downloader/task.go:381.44,383.2 1 0
github.com/Super-Gagaga/go-Concurrent-download/internal/downloader/task.go:386.40,389.2 1 1
github.com/Super-Gagaga/go-Concurrent-download/internal/downloader/task.go:392.106,393.20 1 1
github.com/Super-Gagaga/go-Concurrent-download/internal/downloader/task.go:393.20,395.3 1 1
github.com/Super-Gagaga/go-Concurrent-download/internal/downloader/task.go:398.2,401.30 2 1
github.com/Super-Gagaga/go-Concurrent-download/internal/downloader/task.go:401.30,403.3 1 0
github.com/Super-Gagaga/go-Concurrent-download/internal/downloader/task.go:404.2,404.30 1 1
github.com/Super-Gagaga/go-Concurrent-download/internal/downloader/task.go:404.30,406.3 1 1
github.com/Super-Gagaga/go-Concurrent-download/internal/downloader/task.go:409.2,409.27 1 1
github.com/Super-Gagaga/go-Concurrent-download/internal/downloader/task.go:409.27,411.3 1 0
github.com/Super-Gagaga/go-Concurrent-download/internal/downloader/task.go:413.2,413.18 1 1
github.com/Super-Gagaga/go-Concurrent-download/pkg/gocd/downloader.go:38.58,40.33 2 1
github.com/Super-Gagaga/go-Concurrent-download/pkg/gocd/downloader.go:40.33,42.3 1 1
github.com/Super-Gagaga/go-Concurrent-download/pkg/gocd/downloader.go:45.2,48.3 1 1
github.com/Super-Gagaga/go-Concurrent-download/pkg/gocd/downloader.go:52.43,55.2 2 0
github.com/Super-Gagaga/go-Concurrent-download/pkg/gocd/downloader.go:58.76,61.2 2 0
github.com/Super-Gagaga/go-Concurrent-download/pkg/gocd/downloader.go:64.95,67.2 2 0
github.com/Super-Gagaga/go-Concurrent-download/pkg/gocd/downloader.go:83.90,85.33 2 0
github.com/Super-Gagaga/go-Concurrent-download/pkg/gocd/downloader.go:85.33,87.3 1 0
github.com/Super-Gagaga/go-Concurrent-download/pkg/gocd/downloader.go:88.2,88.52 1 0
github.com/Super-Gagaga/go-Concurrent-download/pkg/gocd/downloader.go:91.96,94.2 1 0
github.com/Super-Gagaga/go-Concurrent-download/pkg/gocd/downloader.go:96.115,99.2 1 0
github.com/Super-Gagaga/go-Concurrent-download/pkg/gocd/downloader.go:101.53,104.2 1 0
github.com/Super-Gagaga/go-Concurrent-download/pkg/gocd/downloader.go:106.54,109.2 1 0
github.com/Super-Gagaga/go-Concurrent-download/pkg/gocd/downloader.go:111.54,114.2 1 0
github.com/Super-Gagaga/go-Concurrent-download/pkg/gocd/downloader.go:116.75,119.2 1 0
github.com/Super-Gagaga/go-Concurrent-download/pkg/gocd/downloader.go:121.55,124.2 1 0
github.com/Super-Gagaga/go-Concurrent-download/pkg/gocd/downloader.go:126.39,129.2 1 0
github.com/Super-Gagaga/go-Concurrent-download/pkg/gocd/downloader.go:134.44,135.33 1 1
github.com/Super-Gagaga/go-Concurrent-download/pkg/gocd/downloader.go:135.33,138.3 2 1
github.com/Super-Gagaga/go-Concurrent-download/pkg/gocd/downloader.go:142.43,143.33 1 1
github.com/Super-Gagaga/go-Concurrent-download/pkg/gocd/downloader.go:143.33,145.3 1 1
github.com/Super-Gagaga/go-Concurrent-download/pkg/gocd/downloader.go:149.56,150.33 1 0
github.com/Super-Gagaga/go-Concurrent-download/pkg/gocd/downloader.go:150.33,152.3 1 0
github.com/Super-Gagaga/go-Concurrent-download/pkg/gocd/downloader.go:156.54,157.33 1 1
github.com/Super-Gagaga/go-Concurrent-download/pkg/gocd/downloader.go:157.33,159.3 1 1
github.com/Super-Gagaga/go-Concurrent-download/pkg/gocd/downloader.go:163.65,164.33 1 1
github.com/Super-Gagaga/go-Concurrent-download/pkg/gocd/downloader.go:164.33,167.3 2 1
github.com/Super-Gagaga/go-Concurrent-download/pkg/gocd/downloader.go:171.60,172.33 1 1
github.com/Super-Gagaga/go-Concurrent-download/pkg/gocd/downloader.go:172.33,173.23 1 1
github.com/Super-Gagaga/go-Concurrent-download/pkg/gocd/downloader.go:173.23,175.4 1 0
github.com/Super-Gagaga/go-Concurrent-download/pkg/gocd/downloader.go:176.3,176.29 1 1
github.com/Super-Gagaga/go-Concurrent-download/pkg/gocd/downloader.go:176.29,178.4 1 1
github.com/Super-Gagaga/go-Concurrent-download/pkg/gocd/downloader.go:183.46,184.33 1 1
github.com/Super-Gagaga/go-Concurrent-download/pkg/gocd/downloader.go:184.33,186.3 1 1
github.com/Super-Gagaga/go-Concurrent-download/pkg/gocd/downloader.go:190.48,191.33 1 1
github.com/Super-Gagaga/go-Concurrent-download/pkg/gocd/downloader.go:191.33,193.3 1 1
github.com/Super-Gagaga/go-Concurrent-download/pkg/gocd/downloader.go:197.56,198.33 1 1
github.com/Super-Gagaga/go-Concurrent-download/pkg/gocd/downloader.go:198.33,200.3 1 1
github.com/Super-Gagaga/go-Concurrent-download/pkg/gocd/errors.go:51.40,52.21 1 0
github.com/Super-Gagaga/go-Concurrent-download/pkg/gocd/errors.go:52.21,54.3 1 0
github.com/Super-Gagaga/go-Concurrent-download/pkg/gocd/errors.go:55.2,55.66 1 0
github.com/Super-Gagaga/go-Concurrent-download/pkg/gocd/errors.go:58.40,60.2 1 0
github.com/Super-Gagaga/go-Concurrent-download/pkg/gocd/errors.go:63.77,69.2 1 1
github.com/Super-Gagaga/go-Concurrent-download/pkg/gocd/errors.go:72.62,79.2 1 1
github.com/Super-Gagaga/go-Concurrent-download/pkg/gocd/errors.go:82.39,83.16 1 1
github.com/Super-Gagaga/go-Concurrent-download/pkg/gocd/errors.go:83.16,85.3 1 0
github.com/Super-Gagaga/go-Concurrent-download/pkg/gocd/errors.go:88.2,90.42 1 1
github.com/Super-Gagaga/go-Concurrent-download/pkg/gocd/errors.go:90.42,92.3 1 1
github.com/Super-Gagaga/go-Concurrent-download/pkg/gocd/errors.go:95.2,96.34 2 1
github.com/Super-Gagaga/go-Concurrent-download/pkg/gocd/errors.go:96.34,98.56 1 0
github.com/Super-Gagaga/go-Concurrent-download/pkg/gocd/errors.go:98.56,100.4 1 0
github.com/Super-Gagaga/go-Concurrent-download/pkg/gocd/errors.go:101.3,101.30 1 0
github.com/Super-Gagaga/go-Concurrent-download/pkg/gocd/errors.go:101.30,103.4 1 0
github.com/Super-Gagaga/go-Concurrent-download/pkg/gocd/errors.go:106.2,106.14 1 1
github.com/Super-Gagaga/go-Concurrent-download/pkg/gocd/errors.go:110.35,111.16 1 1
github.com/Super-Gagaga/go-Concurrent-download/pkg/gocd/errors.go:111.16,113.3 1 0
github.com/Super-Gagaga/go-Concurrent-download/pkg/gocd/errors.go:116.2,120.32 1 1
github.com/Super-Gagaga/go-Concurrent-download/pkg/gocd/errors.go:120.32,122.3 1 1
github.com/Super-Gagaga/go-Concurrent-download/pkg/gocd/errors.go:125.2,126.34 2 1
github.com/Super-Gagaga/go-Concurrent-download/pkg/gocd/errors.go:126.34,127.83 1 0
github.com/Super-Gagaga/go-Concurrent-download/pkg/gocd/errors.go:127.83,129.4 1 0
github.com/Super-Gagaga/go-Concurrent-download/pkg/gocd/errors.go:132.2,132.14 1 1
github.com/Super-Gagaga/go-Concurrent-download/pkg/gocd/types.go:105.37,120.2 1 1
github.com/Super-Gagaga/go-Concurrent-download/cmd/gocd/main.go:22.13,23.22 1 0
github.com/Super-Gagaga/go-Concurrent-download/cmd/gocd/main.go:23.22,26.3 2 0
github.com/Super-Gagaga/go-Concurrent-download/cmd/gocd/main.go:28.2,30.17 2 0
github.com/Super-Gagaga/go-Concurrent-download/cmd/gocd/main.go:31.24,32.31 1 0
github.com/Super-Gagaga/go-Concurrent-download/cmd/gocd/main.go:33.15,34.28 1 0
github.com/Super-Gagaga/go-Concurrent-download/cmd/gocd/main.go:35.16,36.29 1 0
github.com/Super-Gagaga/go-Concurrent-download/cmd/gocd/main.go:37.14,38.27 1 0
github.com/Super-Gagaga/go-Concurrent-download/cmd/gocd/main.go:39.16,40.29 1 0
github.com/Super-Gagaga/go-Concurrent-download/cmd/gocd/main.go:41.22,42.17 1 0
github.com/Super-Gagaga/go-Concurrent-download/cmd/gocd/main.go:43.35,44.15 1 0
github.com/Super-Gagaga/go-Concurrent-download/cmd/gocd/main.go:45.10,48.13 3 0
github.com/Super-Gagaga/go-Concurrent-download/cmd/gocd/main.go:53.37,66.48 12 0
github.com/Super-Gagaga/go-Concurrent-download/cmd/gocd/main.go:66.48,68.3 1 0
github.com/Super-Gagaga/go-Concurrent-download/cmd/gocd/main.go:70.2,70.28 1 0
github.com/Super-Gagaga/go-Concurrent-download/cmd/gocd/main.go:70.28,75.3 4 0
github.com/Super-Gagaga/go-Concurrent-download/cmd/gocd/main.go:77.2,79.22 3 0
github.com/Super-Gagaga/go-Concurrent-download/cmd/gocd/main.go:79.22,81.3 1 0
github.com/Super-Gagaga/go-Concurrent-download/cmd/gocd/main.go:83.2,99.13 4 0
github.com/Super-Gagaga/go-Concurrent-download/cmd/gocd/main.go:99.13,100.58 1 0
github.com/Super-Gagaga/go-Concurrent-download/cmd/gocd/main.go:100.58,101.26 1 0
github.com/Super-Gagaga/go-Concurrent-download/cmd/gocd/main.go:101.26,107.5 2 0
github.com/Super-Gagaga/go-Concurrent-download/cmd/gocd/main.go:108.4,108.27 1 0
github.com/Super-Gagaga/go-Concurrent-download/cmd/gocd/main.go:108.27,111.5 2 0
github.com/Super-Gagaga/go-Concurrent-download/cmd/gocd/main.go:112.4,115.42 1 0
github.com/Super-Gagaga/go-Concurrent-download/cmd/gocd/main.go:120.2,127.12 6 0
github.com/Super-Gagaga/go-Concurrent-download/cmd/gocd/main.go:127.12,131.3 3 0
github.com/Super-Gagaga/go-Concurrent-download/cmd/gocd/main.go:134.2,138.16 4 0
github.com/Super-Gagaga/go-Concurrent-download/cmd/gocd/main.go:138.16,141.3 2 0
github.com/Super-Gagaga/go-Concurrent-download/cmd/gocd/main.go:143.2,143.13 1 0
github.com/Super-Gagaga/go-Concurrent-download/cmd/gocd/main.go:143.13,145.3 1 0
github.com/Super-Gagaga/go-Concurrent-download/cmd/gocd/main.go:149.34,154.45 4 0
github.com/Super-Gagaga/go-Concurrent-download/cmd/gocd/main.go:154.45,156.3 1 0
github.com/Super-Gagaga/go-Concurrent-download/cmd/gocd/main.go:158.2,158.17 1 0
github.com/Super-Gagaga/go-Concurrent-download/cmd/gocd/main.go:158.17,163.3 4 0
github.com/Super-Gagaga/go-Concurrent-download/cmd/gocd/main.go:165.2,166.47 2 0
github.com/Super-Gagaga/go-Concurrent-download/cmd/gocd/main.go:170.35,176.46 5 0
github.com/Super-Gagaga/go-Concurrent-download/cmd/gocd/main.go:176.46,178.3 1 0
github.com/Super-Gagaga/go-Concurrent-download/cmd/gocd/main.go:180.2,180.16 1 0
github.com/Super-Gagaga/go-Concurrent-download/cmd/gocd/main.go:180.16,184.3 3 0
github.com/Super-Gagaga/go-Concurrent-download/cmd/gocd/main.go:186.2,186.39 1 0
github.com/Super-Gagaga/go-Concurrent-download/cmd/gocd/main.go:186.39,191.3 4 0
github.com/Super-Gagaga/go-Concurrent-download/cmd/gocd/main.go:193.2,193.47 1 0
github.com/Super-Gagaga/go-Concurrent-download/cmd/gocd/main.go:197.33,200.2 2 0
github.com/Super-Gagaga/go-Concurrent-download/cmd/gocd/main.go:203.35,207.46 3 0
github.com/Super-Gagaga/go-Concurrent-download/cmd/gocd/main.go:207.46,209.3 1 0
github.com/Super-Gagaga/go-Concurrent-download/cmd/gocd/main.go:211.2,211.19 1 0
github.com/Super-Gagaga/go-Concurrent-download/cmd/gocd/main.go:211.19,216.3 4 0
github.com/Super-Gagaga/go-Concurrent-download/cmd/gocd/main.go:218.2,219.53 2 0
github.com/Super-Gagaga/go-Concurrent-download/cmd/gocd/main.go:223.48,225.47 1 0
github.com/Super-Gagaga/go-Concurrent-download/cmd/gocd/main.go:225.47,227.3 1 0
github.com/Super-Gagaga/go-Concurrent-download/cmd/gocd/main.go:229.2,229.47 1 0
github.com/Super-Gagaga/go-Concurrent-download/cmd/gocd/main.go:229.47,231.3 1 0
github.com/Super-Gagaga/go-Concurrent-download/cmd/gocd/main.go:233.2,234.58 2 0
github.com/Super-Gagaga/go-Concurrent-download/cmd/gocd/main.go:234.58,236.3 1 0
github.com/Super-Gagaga/go-Concurrent-download/cmd/gocd/main.go:237.2,237.17 1 0
github.com/Super-Gagaga/go-Concurrent-download/cmd/gocd/main.go:241.38,243.18 2 0
github.com/Super-Gagaga/go-Concurrent-download/cmd/gocd/main.go:243.18,245.3 1 0
github.com/Super-Gagaga/go-Concurrent-download/cmd/gocd/main.go:246.2,247.46 2 0
github.com/Super-Gagaga/go-Concurrent-download/cmd/gocd/main.go:247.46,250.3 2 0
github.com/Super-Gagaga/go-Concurrent-download/cmd/gocd/main.go:251.2,251.77 1 0
github.com/Super-Gagaga/go-Concurrent-download/cmd/gocd/main.go:255.45,256.21 1 0
github.com/Super-Gagaga/go-Concurrent-download/cmd/gocd/main.go:256.21,258.3 1 0
github.com/Super-Gagaga/go-Concurrent-download/cmd/gocd/main.go:259.2,259.21 1 0
github.com/Super-Gagaga/go-Concurrent-download/cmd/gocd/main.go:259.21,261.3 1 0
github.com/Super-Gagaga/go-Concurrent-download/cmd/gocd/main.go:262.2,262.19 1 0
github.com/Super-Gagaga/go-Concurrent-download/cmd/gocd/main.go:262.19,266.3 3 0
github.com/Super-Gagaga/go-Concurrent-download/cmd/gocd/main.go:267.2,269.46 3 0
github.com/Super-Gagaga/go-Concurrent-download/cmd/gocd/main.go:272.21,276.2 3 0
github.com/Super-Gagaga/go-Concurrent-download/cmd/gocd/main.go:278.19,302.2 1 0
github.com/Super-Gagaga/go-Concurrent-download/examples/simple/main.go:11.13,21.16 5 0
github.com/Super-Gagaga/go-Concurrent-download/examples/simple/main.go:21.16,23.3 1 0
github.com/Super-Gagaga/go-Concurrent-download/examples/simple/main.go:23.8,25.3 1 0
github.com/Super-Gagaga/go-Concurrent-download/examples/simple/main.go:28.2,32.50 2 0
github.com/Super-Gagaga/go-Concurrent-download/examples/simple/main.go:32.50,33.26 1 0
github.com/Super-Gagaga/go-Concurrent-download/examples/simple/main.go:33.26,36.5 2 0
github.com/Super-Gagaga/go-Concurrent-download/examples/simple/main.go:37.4,37.27 1 0
github.com/Super-Gagaga/go-Concurrent-download/examples/simple/main.go:37.27,40.5 2 0
github.com/Super-Gagaga/go-Concurrent-download/examples/simple/main.go:41.4,45.5 1 0
github.com/Super-Gagaga/go-Concurrent-download/examples/simple/main.go:49.2,54.16 2 0
github.com/Super-Gagaga/go-Concurrent-download/examples/simple/main.go:54.16,56.3 1 0
github.com/Super-Gagaga/go-Concurrent-download/examples/simple/main.go:56.8,58.3 1 0
github.com/Super-Gagaga/go-Concurrent-download/examples/simple/main.go:61.2,65.58 2 0
github.com/Super-Gagaga/go-Concurrent-download/examples/simple/main.go:65.58,67.4 1 0
github.com/Super-Gagaga/go-Concurrent-download/examples/simple/main.go:69.2,73.16 2 0
github.com/Super-Gagaga/go-Concurrent-download/examples/simple/main.go:73.16,75.3 1 0
github.com/Super-Gagaga/go-Concurrent-download/examples/simple/main.go:75.8,77.3 1 0
github.com/Super-Gagaga/go-Concurrent-download/examples/simple/main.go:79.2,79.44 1 0
github.com/Super-Gagaga/go-Concurrent-download/examples/simple/main.go:83.38,85.18 2 0
github.com/Super-Gagaga/go-Concurrent-download/examples/simple/main.go:85.18,87.3 1 0
github.com/Super-Gagaga/go-Concurrent-download/examples/simple/main.go:88.2,89.46 2 0
github.com/Super-Gagaga/go-Concurrent-download/examples/simple/main.go:89.46,92.3 2 0
github.com/Super-Gagaga/go-Concurrent-download/examples/simple/main.go:93.2,93.77 1 0
github.com/Super-Gagaga/go-Concurrent-download/examples/simple/main.go:97.45,98.21 1 0
github.com/Super-Gagaga/go-Concurrent-download/examples/simple/main.go:98.21,100.3 1 0
github.com/Super-Gagaga/go-Concurrent-download/examples/simple/main.go:101.2,101.19 1 0
github.com/Super-Gagaga/go-Concurrent-download/examples/simple/main.go:101.19,105.3 3 0
github.com/Super-Gagaga/go-Concurrent-download/examples/simple/main.go:106.2,108.46 3 0
github.com/Super-Gagaga/go-Concurrent-download/internal/httpclient/client.go:71.41,84.2 1 1
github.com/Super-Gagaga/go-Concurrent-download/internal/httpclient/client.go:94.57,111.27 2 1
github.com/Super-Gagaga/go-Concurrent-download/internal/httpclient/client.go:111.27,113.17 2 0
github.com/Super-Gagaga/go-Concurrent-download/internal/httpclient/client.go:113.17,115.4 1 0
github.com/Super-Gagaga/go-Concurrent-download/internal/httpclient/client.go:116.3,116.44 1 0
github.com/Super-Gagaga/go-Concurrent-download/internal/httpclient/client.go:119.2,128.8 2 1
github.com/Super-Gagaga/go-Concurrent-download/internal/httpclient/client.go:132.72,134.68 1 1
github.com/Super-Gagaga/go-Concurrent-download/internal/httpclient/client.go:134.68,136.3 1 1
github.com/Super-Gagaga/go-Concurrent-download/internal/httpclient/client.go:139.2,139.37 1 1
github.com/Super-Gagaga/go-Concurrent-download/internal/httpclient/client.go:139.37,141.3 1 0
github.com/Super-Gagaga/go-Concurrent-download/internal/httpclient/client.go:143.2,143.25 1 1
github.com/Super-Gagaga/go-Concurrent-download/internal/httpclient/client.go:147.83,149.16 2 1
github.com/Super-Gagaga/go-Concurrent-download/internal/httpclient/client.go:149.16,151.3 1 0
github.com/Super-Gagaga/go-Concurrent-download/internal/httpclient/client.go:153.2,154.16 2 1
github.com/Super-Gagaga/go-Concurrent-download/internal/httpclient/client.go:154.16,156.3 1 0
github.com/Super-Gagaga/go-Concurrent-download/internal/httpclient/client.go:157.2,159.38 2 1
github.com/Super-Gagaga/go-Concurrent-download/internal/httpclient/client.go:159.38,161.3 1 0
github.com/Super-Gagaga/go-Concurrent-download/internal/httpclient/client.go:164.2,176.18 3 1
github.com/Super-Gagaga/go-Concurrent-download/internal/httpclient/client.go:180.116,182.16 2 1
github.com/Super-Gagaga/go-Concurrent-download/internal/httpclient/client.go:182.16,184.3 1 0
github.com/Super-Gagaga/go-Concurrent-download/internal/httpclient/client.go:187.2,188.15 2 1
github.com/Super-Gagaga/go-Concurrent-download/internal/httpclient/client.go:188.15,190.3 1 0
github.com/Super-Gagaga/go-Concurrent-download/internal/httpclient/client.go:191.2,194.16 3 1
github.com/Super-Gagaga/go-Concurrent-download/internal/httpclient/client.go:194.16,196.3 1 0
github.com/Super-Gagaga/go-Concurrent-download/internal/httpclient/client.go:199.2,199.38 1 1
github.com/Super-Gagaga/go-Concurrent-download/internal/httpclient/client.go:199.38,202.3 1 1
github.com/Super-Gagaga/go-Concurrent-download/internal/httpclient/client.go:202.8,202.57 1 1
github.com/Super-Gagaga/go-Concurrent-download/internal/httpclient/client.go:202.57,205.3 1 1
github.com/Super-Gagaga/go-Concurrent-download/internal/httpclient/client.go:205.8,205.71 1 0
github.com/Super-Gagaga/go-Concurrent-download/internal/httpclient/client.go:205.71,209.3 2 0
github.com/Super-Gagaga/go-Concurrent-download/internal/httpclient/client.go:209.8,213.3 2 0
github.com/Super-Gagaga/go-Concurrent-download/internal/httpclient/client.go:217.147,220.35 2 1
github.com/Super-Gagaga/go-Concurrent-download/internal/httpclient/client.go:220.35,221.12 1 1
github.com/Super-Gagaga/go-Concurrent-download/internal/httpclient/client.go:221.12,223.11 1 1
github.com/Super-Gagaga/go-Concurrent-download/internal/httpclient/client.go:224.22,225.29 1 0
github.com/Super-Gagaga/go-Concurrent-download/internal/httpclient/client.go:226.37,226.37 0 1
github.com/Super-Gagaga/go-Concurrent-download/internal/httpclient/client.go:230.3,231.17 2 1
github.com/Super-Gagaga/go-Concurrent-download/internal/httpclient/client.go:231.17,233.12 2 0
github.com/Super-Gagaga/go-Concurrent-download/internal/httpclient/client.go:236.3,237.17 2 1
github.com/Super-Gagaga/go-Concurrent-download/internal/httpclient/client.go:237.17,239.52 2 0
github.com/Super-Gagaga/go-Concurrent-download/internal/httpclient/client.go:239.52,240.13 1 0
github.com/Super-Gagaga/go-Concurrent-download/internal/httpclient/client.go:242.4,242.26 1 0
github.com/Super-Gagaga/go-Concurrent-download/internal/httpclient/client.go:245.3,245.54 1 1
github.com/Super-Gagaga/go-Concurrent-download/internal/httpclient/client.go:245.54,247.4 1 1
github.com/Super-Gagaga/go-Concurrent-download/internal/httpclient/client.go:249.3,253.80 3 1
github.com/Super-Gagaga/go-Concurrent-download/internal/httpclient/client.go:253.80,255.22 1 1
github.com/Super-Gagaga/go-Concurrent-download/internal/httpclient/client.go:255.22,256.13 1 1
github.com/Super-Gagaga/go-Concurrent-download/internal/httpclient/client.go:260.3,260.8 1 0
github.com/Super-Gagaga/go-Concurrent-download/internal/httpclient/client.go:263.2,263.24 1 0
github.com/Super-Gagaga/go-Concurrent-download/internal/httpclient/client.go:267.40,270.2 2 1
github.com/Super-Gagaga/go-Concurrent-download/internal/httpclient/client.go:273.42,274.19 1 1
github.com/Super-Gagaga/go-Concurrent-download/internal/httpclient/client.go:274.19,276.3 1 1
github.com/Super-Gagaga/go-Concurrent-download/internal/httpclient/client.go:277.2,278.16 2 0
github.com/Super-Gagaga/go-Concurrent-download/internal/httpclient/client.go:278.16,280.3 1 0
github.com/Super-Gagaga/go-Concurrent-download/internal/httpclient/client.go:281.2,281.10 1 0
github.com/Super-Gagaga/go-Concurrent-download/internal/httpclient/pool.go:41.37,47.2 1 0
github.com/Super-Gagaga/go-Concurrent-download/internal/httpclient/pool.go:74.59,75.25 1 0
github.com/Super-Gagaga/go-Concurrent-download/internal/httpclient/pool.go:75.25,77.3 1 0
github.com/Super-Gagaga/go-Concurrent-download/internal/httpclient/pool.go:79.2,89.46 2 0
github.com/Super-Gagaga/go-Concurrent-download/internal/httpclient/pool.go:89.46,91.17 2 0
github.com/Super-Gagaga/go-Concurrent-download/internal/httpclient/pool.go:91.17,94.4 2 0
github.com/Super-Gagaga/go-Concurrent-download/internal/httpclient/pool.go:95.3,99.27 5 0
github.com/Super-Gagaga/go-Concurrent-download/internal/httpclient/pool.go:102.2,102.18 1 0
github.com/Super-Gagaga/go-Concurrent-download/internal/httpclient/pool.go:106.58,110.9 3 0
github.com/Super-Gagaga/go-Concurrent-download/internal/httpclient/pool.go:111.29,117.21 6 0
github.com/Super-Gagaga/go-Concurrent-download/internal/httpclient/pool.go:119.20,128.15 6 0
github.com/Super-Gagaga/go-Concurrent-download/internal/httpclient/pool.go:128.15,130.4 1 0
github.com/Super-Gagaga/go-Concurrent-download/internal/httpclient/pool.go:132.3,132.71 1 0
github.com/Super-Gagaga/go-Concurrent-download/internal/httpclient/pool.go:132.71,134.18 2 0
github.com/Super-Gagaga/go-Concurrent-download/internal/httpclient/pool.go:134.18,136.5 1 0
github.com/Super-Gagaga/go-Concurrent-download/internal/httpclient/pool.go:138.4,146.22 8 0
github.com/Super-Gagaga/go-Concurrent-download/internal/httpclient/pool.go:149.3,149.97 1 0
github.com/Super-Gagaga/go-Concurrent-download/internal/httpclient/pool.go:154.58,158.14 3 0
github.com/Super-Gagaga/go-Concurrent-download/internal/httpclient/pool.go:158.14,165.3 5 0
github.com/Super-Gagaga/go-Concurrent-download/internal/httpclient/pool.go:168.2,168.24 1 0
github.com/Super-Gagaga/go-Concurrent-download/internal/httpclient/pool.go:168.24,172.3 2 0
github.com/Super-Gagaga/go-Concurrent-download/internal/httpclient/pool.go:174.2,174.9 1 0
github.com/Super-Gagaga/go-Concurrent-download/internal/httpclient/pool.go:175.27,180.24 5 0
github.com/Super-Gagaga/go-Concurrent-download/internal/httpclient/pool.go:181.10,189.24 7 0
github.com/Super-Gagaga/go-Concurrent-download/internal/httpclient/pool.go:194.40,198.14 3 0
github.com/Super-Gagaga/go-Concurrent-download/internal/httpclient/pool.go:198.14,200.3 1 0
github.com/Super-Gagaga/go-Concurrent-download/internal/httpclient/pool.go:202.2,206.32 3 0
github.com/Super-Gagaga/go-Concurrent-download/internal/httpclient/pool.go:206.32,212.3 5 0
github.com/Super-Gagaga/go-Concurrent-download/internal/httpclient/pool.go:215.2,215.32 1 0
github.com/Super-Gagaga/go-Concurrent-download/internal/httpclient/pool.go:215.32,221.3 5 0
github.com/Super-Gagaga/go-Concurrent-download/internal/httpclient/pool.go:223.2,224.12 2 0
github.com/Super-Gagaga/go-Concurrent-download/internal/httpclient/pool.go:228.44,238.2 6 0
github.com/Super-Gagaga/go-Concurrent-download/internal/httpclient/pool.go:241.24,242.11 1 0
github.com/Super-Gagaga/go-Concurrent-download/internal/httpclient/pool.go:242.11,244.3 1 0
github.com/Super-Gagaga/go-Concurrent-download/internal/httpclient/pool.go:245.2,245.10 1 0
github.com/Super-Gagaga/go-Concurrent-download/internal/httpclient/pool.go:254.58,258.2 1 0
github.com/Super-Gagaga/go-Concurrent-download/internal/httpclient/pool.go:261.60,263.2 1 0
github.com/Super-Gagaga/go-Concurrent-download/internal/httpclient/pool.go:266.60,268.2 1 0
github.com/Super-Gagaga/go-Concurrent-download/internal/httpclient/pool.go:271.42,273.2 1 0
github.com/Super-Gagaga/go-Concurrent-download/internal/httpclient/pool.go:276.46,280.2 1 0
github.com/Super-Gagaga/go-Concurrent-download/internal/httpclient/pool.go:289.63,294.2 1 0
github.com/Super-Gagaga/go-Concurrent-download/internal/httpclient/pool.go:297.108,299.16 2 0
github.com/Super-Gagaga/go-Concurrent-download/internal/httpclient/pool.go:299.16,301.3 1 0
github.com/Super-Gagaga/go-Concurrent-download/internal/httpclient/pool.go:302.2,305.16 3 0
github.com/Super-Gagaga/go-Concurrent-download/internal/httpclient/pool.go:305.16,307.3 1 0
github.com/Super-Gagaga/go-Concurrent-download/internal/httpclient/pool.go:308.2,310.24 2 0
github.com/Super-Gagaga/go-Concurrent-download/internal/httpclient/pool.go:310.24,312.16 2 0
github.com/Super-Gagaga/go-Concurrent-download/internal/httpclient/pool.go:312.16,315.4 1 0
github.com/Super-Gagaga/go-Concurrent-download/internal/httpclient/pool.go:318.2,320.63 3 0
github.com/Super-Gagaga/go-Concurrent-download/internal/httpclient/pool.go:320.63,322.3 1 0
github.com/Super-Gagaga/go-Concurrent-download/internal/httpclient/pool.go:324.2,324.22 1 0
github.com/Super-Gagaga/go-Concurrent-download/internal/httpclient/pool.go:328.41,330.2 1 0
github.com/Super-Gagaga/go-Concurrent-download/internal/httpclient/retry.go:25.39,34.2 1 0
github.com/Super-Gagaga/go-Concurrent-download/internal/httpclient/retry.go:40.92,43.60 2 0
github.com/Super-Gagaga/go-Concurrent-download/internal/httpclient/retry.go:43.60,44.18 1 0
github.com/Super-Gagaga/go-Concurrent-download/internal/httpclient/retry.go:44.18,48.11 2 0
github.com/Super-Gagaga/go-Concurrent-download/internal/httpclient/retry.go:49.22,50.26 1 0
github.com/Super-Gagaga/go-Concurrent-download/internal/httpclient/retry.go:51.29,51.29 0 0
github.com/Super-Gagaga/go-Concurrent-download/internal/httpclient/retry.go:55.3,56.17 2 0
github.com/Super-Gagaga/go-Concurrent-download/internal/httpclient/retry.go:56.17,58.4 1 0
github.com/Super-Gagaga/go-Concurrent-download/internal/httpclient/retry.go:60.3,63.41 2 0
github.com/Super-Gagaga/go-Concurrent-download/internal/httpclient/retry.go:63.41,65.4 1 0
github.com/Super-Gagaga/go-Concurrent-download/internal/httpclient/retry.go:68.2,68.21 1 0
github.com/Super-Gagaga/go-Concurrent-download/internal/httpclient/retry.go:72.121,76.60 3 0
github.com/Super-Gagaga/go-Concurrent-download/internal/httpclient/retry.go:76.60,77.18 1 0
github.com/Super-Gagaga/go-Concurrent-download/internal/httpclient/retry.go:77.18,81.11 2 0
github.com/Super-Gagaga/go-Concurrent-download/internal/httpclient/retry.go:82.22,83.24 1 0
github.com/Super-Gagaga/go-Concurrent-download/internal/httpclient/retry.go:83.24,85.6 1 0
github.com/Super-Gagaga/go-Concurrent-download/internal/httpclient/retry.go:86.5,86.26 1 0
github.com/Super-Gagaga/go-Concurrent-download/internal/httpclient/retry.go:87.29,87.29 0 0
github.com/Super-Gagaga/go-Concurrent-download/internal/httpclient/retry.go:91.4,91.45 1 0
github.com/Super-Gagaga/go-Concurrent-download/internal/httpclient/retry.go:91.45,92.47 1 0
github.com/Super-Gagaga/go-Concurrent-download/internal/httpclient/retry.go:92.47,94.6 1 0
github.com/Super-Gagaga/go-Concurrent-download/internal/httpclient/retry.go:98.3,99.17 2 0
github.com/Super-Gagaga/go-Concurrent-download/internal/httpclient/retry.go:99.17,101.65 2 0
github.com/Super-Gagaga/go-Concurrent-download/internal/httpclient/retry.go:101.65,102.13 1 0
github.com/Super-Gagaga/go-Concurrent-download/internal/httpclient/retry.go:104.4,104.19 1 0
github.com/Super-Gagaga/go-Concurrent-download/internal/httpclient/retry.go:108.3,108.39 1 0
github.com/Super-Gagaga/go-Concurrent-download/internal/httpclient/retry.go:108.39,110.4 1 0
github.com/Super-Gagaga/go-Concurrent-download/internal/httpclient/retry.go:112.3,116.56 3 0
github.com/Super-Gagaga/go-Concurrent-download/internal/httpclient/retry.go:116.56,118.12 2 0
github.com/Super-Gagaga/go-Concurrent-download/internal/httpclient/retry.go:122.3,122.19 1 0
github.com/Super-Gagaga/go-Concurrent-download/internal/httpclient/retry.go:125.2,125.21 1 0
github.com/Super-Gagaga/go-Concurrent-download/internal/httpclient/retry.go:125.21,127.3 1 0
github.com/Super-Gagaga/go-Concurrent-download/internal/httpclient/retry.go:128.2,128.21 1 0
github.com/Super-Gagaga/go-Concurrent-download/internal/httpclient/retry.go:132.145,135.60 2 0
github.com/Super-Gagaga/go-Concurrent-download/internal/httpclient/retry.go:135.60,136.18 1 0
github.com/Super-Gagaga/go-Concurrent-download/internal/httpclient/retry.go:136.18,140.11 2 0
github.com/Super-Gagaga/go-Concurrent-download/internal/httpclient/retry.go:141.22,142.29 1 0
github.com/Super-Gagaga/go-Concurrent-download/internal/httpclient/retry.go:143.29,143.29 0 0
github.com/Super-Gagaga/go-Concurrent-download/internal/httpclient/retry.go:147.3,148.17 2 0
github.com/Super-Gagaga/go-Concurrent-download/internal/httpclient/retry.go:148.17,150.4 1 0
github.com/Super-Gagaga/go-Concurrent-download/internal/httpclient/retry.go:152.3,155.41 2 0
github.com/Super-Gagaga/go-Concurrent-download/internal/httpclient/retry.go:155.41,157.4 1 0
github.com/Super-Gagaga/go-Concurrent-download/internal/httpclient/retry.go:160.2,160.24 1 0
github.com/Super-Gagaga/go-Concurrent-download/internal/httpclient/retry.go:164.68,165.18 1 0
github.com/Super-Gagaga/go-Concurrent-download/internal/httpclient/retry.go:165.18,167.3 1 0
github.com/Super-Gagaga/go-Concurrent-download/internal/httpclient/retry.go:170.2,173.38 2 0
github.com/Super-Gagaga/go-Concurrent-download/internal/httpclient/retry.go:173.38,175.3 1 0
github.com/Super-Gagaga/go-Concurrent-download/internal/httpclient/retry.go:178.2,178.29 1 0
github.com/Super-Gagaga/go-Concurrent-download/internal/httpclient/retry.go:178.29,181.3 2 0
github.com/Super-Gagaga/go-Concurrent-download/internal/httpclient/retry.go:183.2,183.29 1 0
github.com/Super-Gagaga/go-Concurrent-download/internal/httpclient/retry.go:187.67,188.34 1 0
github.com/Super-Gagaga/go-Concurrent-download/internal/httpclient/retry.go:188.34,190.3 1 0
github.com/Super-Gagaga/go-Concurrent-download/internal/httpclient/retry.go:192.2,192.16 1 0
github.com/Super-Gagaga/go-Concurrent-download/internal/httpclient/retry.go:192.16,194.3 1 0
github.com/Super-Gagaga/go-Concurrent-download/internal/httpclient/retry.go:197.2,197.28 1 0
github.com/Super-Gagaga/go-Concurrent-download/internal/httpclient/retry.go:197.28,199.3 1 0
github.com/Super-Gagaga/go-Concurrent-download/internal/httpclient/retry.go:202.2,203.34 2 0
github.com/Super-Gagaga/go-Concurrent-download/internal/httpclient/retry.go:203.34,205.3 1 0
github.com/Super-Gagaga/go-Concurrent-download/internal/httpclient/retry.go:208.2,208.35 1 0
github.com/Super-Gagaga/go-Concurrent-download/internal/httpclient/retry.go:212.76,213.34 1 0
github.com/Super-Gagaga/go-Concurrent-download/internal/httpclient/retry.go:213.34,215.3 1 0
github.com/Super-Gagaga/go-Concurrent-download/internal/httpclient/retry.go:218.2,218.46 1 0
github.com/Super-Gagaga/go-Concurrent-download/internal/httpclient/retry.go:218.46,219.25 1 0
github.com/Super-Gagaga/go-Concurrent-download/internal/httpclient/retry.go:219.25,221.4 1 0
github.com/Super-Gagaga/go-Concurrent-download/internal/httpclient/retry.go:225.2,225.43 1 0
github.com/Super-Gagaga/go-Concurrent-download/internal/httpclient/retry.go:225.43,227.3 1 0
github.com/Super-Gagaga/go-Concurrent-download/internal/httpclient/retry.go:230.2,230.23 1 0
github.com/Super-Gagaga/go-Concurrent-download/internal/httpclient/retry.go:230.23,232.3 1 0
github.com/Super-Gagaga/go-Concurrent-download/internal/httpclient/retry.go:234.2,234.14 1 0
github.com/Super-Gagaga/go-Concurrent-download/internal/httpclient/retry.go:238.43,240.2 1 0
